C:\Users\sandr\Documents\Visual Studio 2015\Projects\CedroRestaurante\CedroRestaurante\src\app\app.component.js
C:\Users\sandr\Documents\Visual Studio 2015\Projects\CedroRestaurante\CedroRestaurante\src\app\app.component.js.map
C:\Users\sandr\Documents\Visual Studio 2015\Projects\CedroRestaurante\CedroRestaurante\src\app\home\home.component.js
C:\Users\sandr\Documents\Visual Studio 2015\Projects\CedroRestaurante\CedroRestaurante\src\app\home\home.component.js.map
C:\Users\sandr\Documents\Visual Studio 2015\Projects\CedroRestaurante\CedroRestaurante\src\app\restaurante\restaurante.component.js
C:\Users\sandr\Documents\Visual Studio 2015\Projects\CedroRestaurante\CedroRestaurante\src\app\restaurante\restaurante.component.js.map
C:\Users\sandr\Documents\Visual Studio 2015\Projects\CedroRestaurante\CedroRestaurante\src\app\restaurante\listar\listar.component.js
C:\Users\sandr\Documents\Visual Studio 2015\Projects\CedroRestaurante\CedroRestaurante\src\app\restaurante\listar\listar.component.js.map
C:\Users\sandr\Documents\Visual Studio 2015\Projects\CedroRestaurante\CedroRestaurante\src\app\restaurante\cadastrar\restaurante.cadastrar.component.js
C:\Users\sandr\Documents\Visual Studio 2015\Projects\CedroRestaurante\CedroRestaurante\src\app\restaurante\cadastrar\restaurante.cadastrar.component.js.map
C:\Users\sandr\Documents\Visual Studio 2015\Projects\CedroRestaurante\CedroRestaurante\src\app\restaurante\alterar\restaurante.alterar.component.js
C:\Users\sandr\Documents\Visual Studio 2015\Projects\CedroRestaurante\CedroRestaurante\src\app\restaurante\alterar\restaurante.alterar.component.js.map
C:\Users\sandr\Documents\Visual Studio 2015\Projects\CedroRestaurante\CedroRestaurante\src\app\prato\prato.component.js
C:\Users\sandr\Documents\Visual Studio 2015\Projects\CedroRestaurante\CedroRestaurante\src\app\prato\prato.component.js.map
C:\Users\sandr\Documents\Visual Studio 2015\Projects\CedroRestaurante\CedroRestaurante\src\app\prato\listar\prato.listar.component.js
C:\Users\sandr\Documents\Visual Studio 2015\Projects\CedroRestaurante\CedroRestaurante\src\app\prato\listar\prato.listar.component.js.map
C:\Users\sandr\Documents\Visual Studio 2015\Projects\CedroRestaurante\CedroRestaurante\src\app\prato\cadastrar\prato.cadastrar.component.js
C:\Users\sandr\Documents\Visual Studio 2015\Projects\CedroRestaurante\CedroRestaurante\src\app\prato\cadastrar\prato.cadastrar.component.js.map
C:\Users\sandr\Documents\Visual Studio 2015\Projects\CedroRestaurante\CedroRestaurante\src\app\prato\alterar\prato.alterar.component.js
C:\Users\sandr\Documents\Visual Studio 2015\Projects\CedroRestaurante\CedroRestaurante\src\app\prato\alterar\prato.alterar.component.js.map
C:\Users\sandr\Documents\Visual Studio 2015\Projects\CedroRestaurante\CedroRestaurante\src\app\app.routes.js
C:\Users\sandr\Documents\Visual Studio 2015\Projects\CedroRestaurante\CedroRestaurante\src\app\app.routes.js.map
C:\Users\sandr\Documents\Visual Studio 2015\Projects\CedroRestaurante\CedroRestaurante\src\app\restaurante\listar\listar.pipes.js
C:\Users\sandr\Documents\Visual Studio 2015\Projects\CedroRestaurante\CedroRestaurante\src\app\restaurante\listar\listar.pipes.js.map
C:\Users\sandr\Documents\Visual Studio 2015\Projects\CedroRestaurante\CedroRestaurante\src\app\prato\listar\prato.listar.pipes.js
C:\Users\sandr\Documents\Visual Studio 2015\Projects\CedroRestaurante\CedroRestaurante\src\app\prato\listar\prato.listar.pipes.js.map
C:\Users\sandr\Documents\Visual Studio 2015\Projects\CedroRestaurante\CedroRestaurante\src\app\app.module.js
C:\Users\sandr\Documents\Visual Studio 2015\Projects\CedroRestaurante\CedroRestaurante\src\app\app.module.js.map
C:\Users\sandr\Documents\Visual Studio 2015\Projects\CedroRestaurante\CedroRestaurante\src\main.js
C:\Users\sandr\Documents\Visual Studio 2015\Projects\CedroRestaurante\CedroRestaurante\src\main.js.map
C:\Users\sandr\Documents\Visual Studio 2015\Projects\CedroRestaurante\CedroRestaurante\src\app\app.component.spec.js
C:\Users\sandr\Documents\Visual Studio 2015\Projects\CedroRestaurante\CedroRestaurante\src\app\app.component.spec.js.map
C:\Users\sandr\Documents\Visual Studio 2015\Projects\CedroRestaurante\CedroRestaurante\src\app\restaurante\restaurante.component.spec.js
C:\Users\sandr\Documents\Visual Studio 2015\Projects\CedroRestaurante\CedroRestaurante\src\app\restaurante\restaurante.component.spec.js.map
C:\Users\sandr\Documents\Visual Studio 2015\Projects\CedroRestaurante\CedroRestaurante\src\app\restaurante\restaurante.module.js
C:\Users\sandr\Documents\Visual Studio 2015\Projects\CedroRestaurante\CedroRestaurante\src\app\restaurante\restaurante.module.js.map
C:\Users\sandr\Documents\Visual Studio 2015\Projects\CedroRestaurante\CedroRestaurante\src\app\prato\prato.component.spec.js
C:\Users\sandr\Documents\Visual Studio 2015\Projects\CedroRestaurante\CedroRestaurante\src\app\prato\prato.component.spec.js.map
C:\Users\sandr\Documents\Visual Studio 2015\Projects\CedroRestaurante\CedroRestaurante\src\app\prato\prato.module.js
C:\Users\sandr\Documents\Visual Studio 2015\Projects\CedroRestaurante\CedroRestaurante\src\app\prato\prato.module.js.map
C:\Users\sandr\Documents\Visual Studio 2015\Projects\CedroRestaurante\CedroRestaurante\src\app\home\home.module.js
C:\Users\sandr\Documents\Visual Studio 2015\Projects\CedroRestaurante\CedroRestaurante\src\app\home\home.module.js.map
C:\Users\sandr\Documents\Visual Studio 2015\Projects\CedroRestaurante\CedroRestaurante\src\app\app.component.js
C:\Users\sandr\Documents\Visual Studio 2015\Projects\CedroRestaurante\CedroRestaurante\src\app\app.component.js.map
C:\Users\sandr\Documents\Visual Studio 2015\Projects\CedroRestaurante\CedroRestaurante\src\app\home\home.component.js
C:\Users\sandr\Documents\Visual Studio 2015\Projects\CedroRestaurante\CedroRestaurante\src\app\home\home.component.js.map
C:\Users\sandr\Documents\Visual Studio 2015\Projects\CedroRestaurante\CedroRestaurante\src\app\restaurante\restaurante.component.js
C:\Users\sandr\Documents\Visual Studio 2015\Projects\CedroRestaurante\CedroRestaurante\src\app\restaurante\restaurante.component.js.map
C:\Users\sandr\Documents\Visual Studio 2015\Projects\CedroRestaurante\CedroRestaurante\src\app\restaurante\listar\listar.component.js
C:\Users\sandr\Documents\Visual Studio 2015\Projects\CedroRestaurante\CedroRestaurante\src\app\restaurante\listar\listar.component.js.map
C:\Users\sandr\Documents\Visual Studio 2015\Projects\CedroRestaurante\CedroRestaurante\src\app\restaurante\cadastrar\restaurante.cadastrar.component.js
C:\Users\sandr\Documents\Visual Studio 2015\Projects\CedroRestaurante\CedroRestaurante\src\app\restaurante\cadastrar\restaurante.cadastrar.component.js.map
C:\Users\sandr\Documents\Visual Studio 2015\Projects\CedroRestaurante\CedroRestaurante\src\app\restaurante\alterar\restaurante.alterar.component.js
C:\Users\sandr\Documents\Visual Studio 2015\Projects\CedroRestaurante\CedroRestaurante\src\app\restaurante\alterar\restaurante.alterar.component.js.map
C:\Users\sandr\Documents\Visual Studio 2015\Projects\CedroRestaurante\CedroRestaurante\src\app\prato\prato.component.js
C:\Users\sandr\Documents\Visual Studio 2015\Projects\CedroRestaurante\CedroRestaurante\src\app\prato\prato.component.js.map
C:\Users\sandr\Documents\Visual Studio 2015\Projects\CedroRestaurante\CedroRestaurante\src\app\prato\listar\prato.listar.component.js
C:\Users\sandr\Documents\Visual Studio 2015\Projects\CedroRestaurante\CedroRestaurante\src\app\prato\listar\prato.listar.component.js.map
C:\Users\sandr\Documents\Visual Studio 2015\Projects\CedroRestaurante\CedroRestaurante\src\app\prato\cadastrar\prato.cadastrar.component.js
C:\Users\sandr\Documents\Visual Studio 2015\Projects\CedroRestaurante\CedroRestaurante\src\app\prato\cadastrar\prato.cadastrar.component.js.map
C:\Users\sandr\Documents\Visual Studio 2015\Projects\CedroRestaurante\CedroRestaurante\src\app\prato\alterar\prato.alterar.component.js
C:\Users\sandr\Documents\Visual Studio 2015\Projects\CedroRestaurante\CedroRestaurante\src\app\prato\alterar\prato.alterar.component.js.map
C:\Users\sandr\Documents\Visual Studio 2015\Projects\CedroRestaurante\CedroRestaurante\src\app\app.routes.js
C:\Users\sandr\Documents\Visual Studio 2015\Projects\CedroRestaurante\CedroRestaurante\src\app\app.routes.js.map
C:\Users\sandr\Documents\Visual Studio 2015\Projects\CedroRestaurante\CedroRestaurante\src\app\restaurante\listar\listar.pipes.js
C:\Users\sandr\Documents\Visual Studio 2015\Projects\CedroRestaurante\CedroRestaurante\src\app\restaurante\listar\listar.pipes.js.map
C:\Users\sandr\Documents\Visual Studio 2015\Projects\CedroRestaurante\CedroRestaurante\src\app\prato\listar\prato.listar.pipes.js
C:\Users\sandr\Documents\Visual Studio 2015\Projects\CedroRestaurante\CedroRestaurante\src\app\prato\listar\prato.listar.pipes.js.map
C:\Users\sandr\Documents\Visual Studio 2015\Projects\CedroRestaurante\CedroRestaurante\src\app\app.module.js
C:\Users\sandr\Documents\Visual Studio 2015\Projects\CedroRestaurante\CedroRestaurante\src\app\app.module.js.map
C:\Users\sandr\Documents\Visual Studio 2015\Projects\CedroRestaurante\CedroRestaurante\src\main.js
C:\Users\sandr\Documents\Visual Studio 2015\Projects\CedroRestaurante\CedroRestaurante\src\main.js.map
C:\Users\sandr\Documents\Visual Studio 2015\Projects\CedroRestaurante\CedroRestaurante\src\app\app.component.spec.js
C:\Users\sandr\Documents\Visual Studio 2015\Projects\CedroRestaurante\CedroRestaurante\src\app\app.component.spec.js.map
C:\Users\sandr\Documents\Visual Studio 2015\Projects\CedroRestaurante\CedroRestaurante\src\app\restaurante\restaurante.component.spec.js
C:\Users\sandr\Documents\Visual Studio 2015\Projects\CedroRestaurante\CedroRestaurante\src\app\restaurante\restaurante.component.spec.js.map
C:\Users\sandr\Documents\Visual Studio 2015\Projects\CedroRestaurante\CedroRestaurante\src\app\restaurante\restaurante.module.js
C:\Users\sandr\Documents\Visual Studio 2015\Projects\CedroRestaurante\CedroRestaurante\src\app\restaurante\restaurante.module.js.map
C:\Users\sandr\Documents\Visual Studio 2015\Projects\CedroRestaurante\CedroRestaurante\src\app\prato\prato.component.spec.js
C:\Users\sandr\Documents\Visual Studio 2015\Projects\CedroRestaurante\CedroRestaurante\src\app\prato\prato.component.spec.js.map
C:\Users\sandr\Documents\Visual Studio 2015\Projects\CedroRestaurante\CedroRestaurante\src\app\prato\prato.module.js
C:\Users\sandr\Documents\Visual Studio 2015\Projects\CedroRestaurante\CedroRestaurante\src\app\prato\prato.module.js.map
C:\Users\sandr\Documents\Visual Studio 2015\Projects\CedroRestaurante\CedroRestaurante\src\app\home\home.module.js
C:\Users\sandr\Documents\Visual Studio 2015\Projects\CedroRestaurante\CedroRestaurante\src\app\home\home.module.js.map
C:\Users\sandr\Documents\Visual Studio 2015\Projects\CedroRestaurante\CedroRestaurante\src\app\app.component.js
C:\Users\sandr\Documents\Visual Studio 2015\Projects\CedroRestaurante\CedroRestaurante\src\app\app.component.js.map
C:\Users\sandr\Documents\Visual Studio 2015\Projects\CedroRestaurante\CedroRestaurante\src\app\home\home.component.js
C:\Users\sandr\Documents\Visual Studio 2015\Projects\CedroRestaurante\CedroRestaurante\src\app\home\home.component.js.map
C:\Users\sandr\Documents\Visual Studio 2015\Projects\CedroRestaurante\CedroRestaurante\src\app\restaurante\restaurante.component.js
C:\Users\sandr\Documents\Visual Studio 2015\Projects\CedroRestaurante\CedroRestaurante\src\app\restaurante\restaurante.component.js.map
C:\Users\sandr\Documents\Visual Studio 2015\Projects\CedroRestaurante\CedroRestaurante\src\app\restaurante\listar\listar.component.js
C:\Users\sandr\Documents\Visual Studio 2015\Projects\CedroRestaurante\CedroRestaurante\src\app\restaurante\listar\listar.component.js.map
C:\Users\sandr\Documents\Visual Studio 2015\Projects\CedroRestaurante\CedroRestaurante\src\app\restaurante\cadastrar\restaurante.cadastrar.component.js
C:\Users\sandr\Documents\Visual Studio 2015\Projects\CedroRestaurante\CedroRestaurante\src\app\restaurante\cadastrar\restaurante.cadastrar.component.js.map
C:\Users\sandr\Documents\Visual Studio 2015\Projects\CedroRestaurante\CedroRestaurante\src\app\restaurante\alterar\restaurante.alterar.component.js
C:\Users\sandr\Documents\Visual Studio 2015\Projects\CedroRestaurante\CedroRestaurante\src\app\restaurante\alterar\restaurante.alterar.component.js.map
C:\Users\sandr\Documents\Visual Studio 2015\Projects\CedroRestaurante\CedroRestaurante\src\app\prato\prato.component.js
C:\Users\sandr\Documents\Visual Studio 2015\Projects\CedroRestaurante\CedroRestaurante\src\app\prato\prato.component.js.map
C:\Users\sandr\Documents\Visual Studio 2015\Projects\CedroRestaurante\CedroRestaurante\src\app\prato\listar\prato.listar.component.js
C:\Users\sandr\Documents\Visual Studio 2015\Projects\CedroRestaurante\CedroRestaurante\src\app\prato\listar\prato.listar.component.js.map
C:\Users\sandr\Documents\Visual Studio 2015\Projects\CedroRestaurante\CedroRestaurante\src\app\prato\cadastrar\prato.cadastrar.component.js
C:\Users\sandr\Documents\Visual Studio 2015\Projects\CedroRestaurante\CedroRestaurante\src\app\prato\cadastrar\prato.cadastrar.component.js.map
C:\Users\sandr\Documents\Visual Studio 2015\Projects\CedroRestaurante\CedroRestaurante\src\app\prato\alterar\prato.alterar.component.js
C:\Users\sandr\Documents\Visual Studio 2015\Projects\CedroRestaurante\CedroRestaurante\src\app\prato\alterar\prato.alterar.component.js.map
C:\Users\sandr\Documents\Visual Studio 2015\Projects\CedroRestaurante\CedroRestaurante\src\app\app.routes.js
C:\Users\sandr\Documents\Visual Studio 2015\Projects\CedroRestaurante\CedroRestaurante\src\app\app.routes.js.map
C:\Users\sandr\Documents\Visual Studio 2015\Projects\CedroRestaurante\CedroRestaurante\src\app\restaurante\listar\listar.pipes.js
C:\Users\sandr\Documents\Visual Studio 2015\Projects\CedroRestaurante\CedroRestaurante\src\app\restaurante\listar\listar.pipes.js.map
C:\Users\sandr\Documents\Visual Studio 2015\Projects\CedroRestaurante\CedroRestaurante\src\app\prato\listar\prato.listar.pipes.js
C:\Users\sandr\Documents\Visual Studio 2015\Projects\CedroRestaurante\CedroRestaurante\src\app\prato\listar\prato.listar.pipes.js.map
C:\Users\sandr\Documents\Visual Studio 2015\Projects\CedroRestaurante\CedroRestaurante\src\app\app.module.js
C:\Users\sandr\Documents\Visual Studio 2015\Projects\CedroRestaurante\CedroRestaurante\src\app\app.module.js.map
C:\Users\sandr\Documents\Visual Studio 2015\Projects\CedroRestaurante\CedroRestaurante\src\main.js
C:\Users\sandr\Documents\Visual Studio 2015\Projects\CedroRestaurante\CedroRestaurante\src\main.js.map
C:\Users\sandr\Documents\Visual Studio 2015\Projects\CedroRestaurante\CedroRestaurante\src\app\app.component.spec.js
C:\Users\sandr\Documents\Visual Studio 2015\Projects\CedroRestaurante\CedroRestaurante\src\app\app.component.spec.js.map
C:\Users\sandr\Documents\Visual Studio 2015\Projects\CedroRestaurante\CedroRestaurante\src\app\restaurante\restaurante.component.spec.js
C:\Users\sandr\Documents\Visual Studio 2015\Projects\CedroRestaurante\CedroRestaurante\src\app\restaurante\restaurante.component.spec.js.map
C:\Users\sandr\Documents\Visual Studio 2015\Projects\CedroRestaurante\CedroRestaurante\src\app\restaurante\restaurante.module.js
C:\Users\sandr\Documents\Visual Studio 2015\Projects\CedroRestaurante\CedroRestaurante\src\app\restaurante\restaurante.module.js.map
C:\Users\sandr\Documents\Visual Studio 2015\Projects\CedroRestaurante\CedroRestaurante\src\app\prato\prato.component.spec.js
C:\Users\sandr\Documents\Visual Studio 2015\Projects\CedroRestaurante\CedroRestaurante\src\app\prato\prato.component.spec.js.map
C:\Users\sandr\Documents\Visual Studio 2015\Projects\CedroRestaurante\CedroRestaurante\src\app\prato\prato.module.js
C:\Users\sandr\Documents\Visual Studio 2015\Projects\CedroRestaurante\CedroRestaurante\src\app\prato\prato.module.js.map
C:\Users\sandr\Documents\Visual Studio 2015\Projects\CedroRestaurante\CedroRestaurante\src\app\home\home.module.js
C:\Users\sandr\Documents\Visual Studio 2015\Projects\CedroRestaurante\CedroRestaurante\src\app\home\home.module.js.map
C:\Users\sandr\Documents\Visual Studio 2015\Projects\CedroRestaurante\CedroRestaurante\src\app\app.component.js
C:\Users\sandr\Documents\Visual Studio 2015\Projects\CedroRestaurante\CedroRestaurante\src\app\app.component.js.map
C:\Users\sandr\Documents\Visual Studio 2015\Projects\CedroRestaurante\CedroRestaurante\src\app\home\home.component.js
C:\Users\sandr\Documents\Visual Studio 2015\Projects\CedroRestaurante\CedroRestaurante\src\app\home\home.component.js.map
C:\Users\sandr\Documents\Visual Studio 2015\Projects\CedroRestaurante\CedroRestaurante\src\app\restaurante\restaurante.component.js
C:\Users\sandr\Documents\Visual Studio 2015\Projects\CedroRestaurante\CedroRestaurante\src\app\restaurante\restaurante.component.js.map
C:\Users\sandr\Documents\Visual Studio 2015\Projects\CedroRestaurante\CedroRestaurante\src\app\restaurante\listar\listar.component.js
C:\Users\sandr\Documents\Visual Studio 2015\Projects\CedroRestaurante\CedroRestaurante\src\app\restaurante\listar\listar.component.js.map
C:\Users\sandr\Documents\Visual Studio 2015\Projects\CedroRestaurante\CedroRestaurante\src\app\restaurante\cadastrar\restaurante.cadastrar.component.js
C:\Users\sandr\Documents\Visual Studio 2015\Projects\CedroRestaurante\CedroRestaurante\src\app\restaurante\cadastrar\restaurante.cadastrar.component.js.map
C:\Users\sandr\Documents\Visual Studio 2015\Projects\CedroRestaurante\CedroRestaurante\src\app\restaurante\alterar\restaurante.alterar.component.js
C:\Users\sandr\Documents\Visual Studio 2015\Projects\CedroRestaurante\CedroRestaurante\src\app\restaurante\alterar\restaurante.alterar.component.js.map
C:\Users\sandr\Documents\Visual Studio 2015\Projects\CedroRestaurante\CedroRestaurante\src\app\prato\prato.component.js
C:\Users\sandr\Documents\Visual Studio 2015\Projects\CedroRestaurante\CedroRestaurante\src\app\prato\prato.component.js.map
C:\Users\sandr\Documents\Visual Studio 2015\Projects\CedroRestaurante\CedroRestaurante\src\app\prato\listar\prato.listar.component.js
C:\Users\sandr\Documents\Visual Studio 2015\Projects\CedroRestaurante\CedroRestaurante\src\app\prato\listar\prato.listar.component.js.map
C:\Users\sandr\Documents\Visual Studio 2015\Projects\CedroRestaurante\CedroRestaurante\src\app\prato\cadastrar\prato.cadastrar.component.js
C:\Users\sandr\Documents\Visual Studio 2015\Projects\CedroRestaurante\CedroRestaurante\src\app\prato\cadastrar\prato.cadastrar.component.js.map
C:\Users\sandr\Documents\Visual Studio 2015\Projects\CedroRestaurante\CedroRestaurante\src\app\prato\alterar\prato.alterar.component.js
C:\Users\sandr\Documents\Visual Studio 2015\Projects\CedroRestaurante\CedroRestaurante\src\app\prato\alterar\prato.alterar.component.js.map
C:\Users\sandr\Documents\Visual Studio 2015\Projects\CedroRestaurante\CedroRestaurante\src\app\app.routes.js
C:\Users\sandr\Documents\Visual Studio 2015\Projects\CedroRestaurante\CedroRestaurante\src\app\app.routes.js.map
C:\Users\sandr\Documents\Visual Studio 2015\Projects\CedroRestaurante\CedroRestaurante\src\app\restaurante\listar\listar.pipes.js
C:\Users\sandr\Documents\Visual Studio 2015\Projects\CedroRestaurante\CedroRestaurante\src\app\restaurante\listar\listar.pipes.js.map
C:\Users\sandr\Documents\Visual Studio 2015\Projects\CedroRestaurante\CedroRestaurante\src\app\prato\listar\prato.listar.pipes.js
C:\Users\sandr\Documents\Visual Studio 2015\Projects\CedroRestaurante\CedroRestaurante\src\app\prato\listar\prato.listar.pipes.js.map
C:\Users\sandr\Documents\Visual Studio 2015\Projects\CedroRestaurante\CedroRestaurante\src\app\app.module.js
C:\Users\sandr\Documents\Visual Studio 2015\Projects\CedroRestaurante\CedroRestaurante\src\app\app.module.js.map
C:\Users\sandr\Documents\Visual Studio 2015\Projects\CedroRestaurante\CedroRestaurante\src\main.js
C:\Users\sandr\Documents\Visual Studio 2015\Projects\CedroRestaurante\CedroRestaurante\src\main.js.map
C:\Users\sandr\Documents\Visual Studio 2015\Projects\CedroRestaurante\CedroRestaurante\src\app\app.component.spec.js
C:\Users\sandr\Documents\Visual Studio 2015\Projects\CedroRestaurante\CedroRestaurante\src\app\app.component.spec.js.map
C:\Users\sandr\Documents\Visual Studio 2015\Projects\CedroRestaurante\CedroRestaurante\src\app\restaurante\restaurante.component.spec.js
C:\Users\sandr\Documents\Visual Studio 2015\Projects\CedroRestaurante\CedroRestaurante\src\app\restaurante\restaurante.component.spec.js.map
C:\Users\sandr\Documents\Visual Studio 2015\Projects\CedroRestaurante\CedroRestaurante\src\app\restaurante\restaurante.module.js
C:\Users\sandr\Documents\Visual Studio 2015\Projects\CedroRestaurante\CedroRestaurante\src\app\restaurante\restaurante.module.js.map
C:\Users\sandr\Documents\Visual Studio 2015\Projects\CedroRestaurante\CedroRestaurante\src\app\prato\prato.component.spec.js
C:\Users\sandr\Documents\Visual Studio 2015\Projects\CedroRestaurante\CedroRestaurante\src\app\prato\prato.component.spec.js.map
C:\Users\sandr\Documents\Visual Studio 2015\Projects\CedroRestaurante\CedroRestaurante\src\app\prato\prato.module.js
C:\Users\sandr\Documents\Visual Studio 2015\Projects\CedroRestaurante\CedroRestaurante\src\app\prato\prato.module.js.map
C:\Users\sandr\Documents\Visual Studio 2015\Projects\CedroRestaurante\CedroRestaurante\src\app\home\home.module.js
C:\Users\sandr\Documents\Visual Studio 2015\Projects\CedroRestaurante\CedroRestaurante\src\app\home\home.module.js.map
